<?xml version="1.0" encoding="UTF-8"?>
<robot generator="Robot 6.0.2 (Python 3.11.3 on win32)" generated="20230826 15:13:28.791" rpa="false" schemaversion="3">
<suite id="s1" name="Cadastro" source="C:\Users\Dayen\OneDrive\Área de Trabalho\Testes Automatizados\Sistema de RH\suites\cadastro">
<suite id="s1-s1" name="Cadastrofuncionario" source="C:\Users\Dayen\OneDrive\Área de Trabalho\Testes Automatizados\Sistema de RH\suites\cadastro\cadastrofuncionario.robot">
<test id="s1-s1-t1" name="1- Cenario de teste: Cadastro de Funcionário" line="51">
<kw name="Acessar o site e Logar" library="setup_teardoown" type="SETUP">
<kw name="Dado que acesse o RangerRH" library="login_page">
<kw name="Open Browser" library="SeleniumLibrary">
<arg>${URL}</arg>
<arg>${browser}</arg>
<doc>Opens a new browser instance to the optional ``url``.</doc>
<msg timestamp="20230826 15:13:29.012" level="INFO">Opening browser 'chrome' to base url 'https://opensource-demo.orangehrmlive.com/web/index.php/auth/login'.</msg>
<status status="PASS" starttime="20230826 15:13:29.011" endtime="20230826 15:13:34.832"/>
</kw>
<status status="PASS" starttime="20230826 15:13:29.011" endtime="20230826 15:13:34.832"/>
</kw>
<kw name="E Realize o Login" library="login_page">
<kw name="Sleep" library="BuiltIn">
<arg>5s</arg>
<doc>Pauses the test executed for the given time.</doc>
<msg timestamp="20230826 15:13:39.832" level="INFO">Slept 5 seconds</msg>
<status status="PASS" starttime="20230826 15:13:34.832" endtime="20230826 15:13:39.832"/>
</kw>
<kw name="Input Text" library="SeleniumLibrary">
<arg>${input_nome}</arg>
<arg>Admin</arg>
<doc>Types the given ``text`` into the text field identified by ``locator``.</doc>
<msg timestamp="20230826 15:13:39.833" level="INFO">Typing text 'Admin' into text field 'name:username'.</msg>
<msg timestamp="20230826 15:13:39.837" level="WARN">Keyword 'Capture Page Screenshot' could not be run on failure: Message: no such window: target window already closed
from unknown error: web view not found
  (Session info: chrome=116.0.5845.111)
Stacktrace:
	GetHandleVerifier [0x00007FF67D7D52A2+57122]
	(No symbol) [0x00007FF67D74EA92]
	(No symbol) [0x00007FF67D61E3AB]
	(No symbol) [0x00007FF67D5FE1B9]
	(No symbol) [0x00007FF67D67B417]
	(No symbol) [0x00007FF67D68E24F]
	(No symbol) [0x00007FF67D676DB3]
	(No symbol) [0x00007FF67D64D2B1]
	(No symbol) [0x00007FF67D64E494]
	GetHandleVerifier [0x00007FF67DA7EF82+2849794]
	GetHandleVerifier [0x00007FF67DAD1D24+3189156]
	GetHandleVerifier [0x00007FF67DACACAF+3160367]
	GetHandleVerifier [0x00007FF67D866D06+653702]
	(No symbol) [0x00007FF67D75A208]
	(No symbol) [0x00007FF67D7562C4]
	(No symbol) [0x00007FF67D7563F6]
	(No symbol) [0x00007FF67D7467A3]
	BaseThreadInitThunk [0x00007FFB73D626AD+29]
	RtlUserThreadStart [0x00007FFB7560AA68+40]
</msg>
<msg timestamp="20230826 15:13:39.841" level="FAIL">NoSuchWindowException: Message: no such window: target window already closed
from unknown error: web view not found
  (Session info: chrome=116.0.5845.111)
Stacktrace:
	GetHandleVerifier [0x00007FF67D7D52A2+57122]
	(No symbol) [0x00007FF67D74EA92]
	(No symbol) [0x00007FF67D61E3AB]
	(No symbol) [0x00007FF67D5FE1B9]
	(No symbol) [0x00007FF67D67B417]
	(No symbol) [0x00007FF67D68E24F]
	(No symbol) [0x00007FF67D676DB3]
	(No symbol) [0x00007FF67D64D2B1]
	(No symbol) [0x00007FF67D64E494]
	GetHandleVerifier [0x00007FF67DA7EF82+2849794]
	GetHandleVerifier [0x00007FF67DAD1D24+3189156]
	GetHandleVerifier [0x00007FF67DACACAF+3160367]
	GetHandleVerifier [0x00007FF67D866D06+653702]
	(No symbol) [0x00007FF67D75A208]
	(No symbol) [0x00007FF67D7562C4]
	(No symbol) [0x00007FF67D7563F6]
	(No symbol) [0x00007FF67D7467A3]
	BaseThreadInitThunk [0x00007FFB73D626AD+29]
	RtlUserThreadStart [0x00007FFB7560AA68+40]
</msg>
<status status="FAIL" starttime="20230826 15:13:39.832" endtime="20230826 15:13:39.899"/>
</kw>
<kw name="Input Text" library="SeleniumLibrary">
<arg>${input_senha}</arg>
<arg>admin123</arg>
<doc>Types the given ``text`` into the text field identified by ``locator``.</doc>
<status status="NOT RUN" starttime="20230826 15:13:39.899" endtime="20230826 15:13:39.899"/>
</kw>
<kw name="Wait Until Element Is Visible" library="SeleniumLibrary">
<arg>//button[contains(.,'Login')]</arg>
<doc>Waits until the element ``locator`` is visible.</doc>
<status status="NOT RUN" starttime="20230826 15:13:39.899" endtime="20230826 15:13:39.899"/>
</kw>
<kw name="Click Element" library="SeleniumLibrary">
<arg>${input_botão}</arg>
<doc>Click the element identified by ``locator``.</doc>
<status status="NOT RUN" starttime="20230826 15:13:39.899" endtime="20230826 15:13:39.900"/>
</kw>
<kw name="Sleep" library="BuiltIn">
<arg>5s</arg>
<doc>Pauses the test executed for the given time.</doc>
<status status="NOT RUN" starttime="20230826 15:13:39.900" endtime="20230826 15:13:39.900"/>
</kw>
<status status="FAIL" starttime="20230826 15:13:34.832" endtime="20230826 15:13:39.900"/>
</kw>
<kw name="Então, a pagina inicial de Dashboard sera exibida" library="login_page">
<status status="NOT RUN" starttime="20230826 15:13:39.900" endtime="20230826 15:13:39.900"/>
</kw>
<status status="FAIL" starttime="20230826 15:13:29.011" endtime="20230826 15:13:39.900"/>
</kw>
<status status="FAIL" starttime="20230826 15:13:29.010" endtime="20230826 15:13:39.901">Setup failed:
NoSuchWindowException: Message: no such window: target window already closed
from unknown error: web view not found
  (Session info: chrome=116.0.5845.111)
Stacktrace:
	GetHandleVerifier [0x00007FF67D7D52A2+57122]
	(No symbol) [0x00007FF67D74EA92]
	(No symbol) [0x00007FF67D61E3AB]
	(No symbol) [0x00007FF67D5FE1B9]
	(No symbol) [0x00007FF67D67B417]
	(No symbol) [0x00007FF67D68E24F]
	(No symbol) [0x00007FF67D676DB3]
	(No symbol) [0x00007FF67D64D2B1]
	(No symbol) [0x00007FF67D64E494]
	GetHandleVerifier [0x00007FF67DA7EF82+2849794]
	GetHandleVerifier [0x00007FF67DAD1D24+3189156]
	GetHandleVerifier [0x00007FF67DACACAF+3160367]
	GetHandleVerifier [0x00007FF67D866D06+653702]
	(No symbol) [0x00007FF67D75A208]
	(No symbol) [0x00007FF67D7562C4]
	(No symbol) [0x00007FF67D7563F6]
	(No symbol) [0x00007FF67D7467A3]
	BaseThreadInitThunk [0x00007FFB73D626AD+29]
	RtlUserThreadStart [0x00007FFB7560AA68+40]
</status>
</test>
<status status="FAIL" starttime="20230826 15:13:28.812" endtime="20230826 15:13:39.905"/>
</suite>
<status status="FAIL" starttime="20230826 15:13:28.792" endtime="20230826 15:13:39.907"/>
</suite>
<statistics>
<total>
<stat pass="0" fail="1" skip="0">All Tests</stat>
</total>
<tag>
</tag>
<suite>
<stat pass="0" fail="1" skip="0" id="s1" name="Cadastro">Cadastro</stat>
<stat pass="0" fail="1" skip="0" id="s1-s1" name="Cadastrofuncionario">Cadastro.Cadastrofuncionario</stat>
</suite>
</statistics>
<errors>
<msg timestamp="20230826 15:13:39.837" level="WARN">Keyword 'Capture Page Screenshot' could not be run on failure: Message: no such window: target window already closed
from unknown error: web view not found
  (Session info: chrome=116.0.5845.111)
Stacktrace:
	GetHandleVerifier [0x00007FF67D7D52A2+57122]
	(No symbol) [0x00007FF67D74EA92]
	(No symbol) [0x00007FF67D61E3AB]
	(No symbol) [0x00007FF67D5FE1B9]
	(No symbol) [0x00007FF67D67B417]
	(No symbol) [0x00007FF67D68E24F]
	(No symbol) [0x00007FF67D676DB3]
	(No symbol) [0x00007FF67D64D2B1]
	(No symbol) [0x00007FF67D64E494]
	GetHandleVerifier [0x00007FF67DA7EF82+2849794]
	GetHandleVerifier [0x00007FF67DAD1D24+3189156]
	GetHandleVerifier [0x00007FF67DACACAF+3160367]
	GetHandleVerifier [0x00007FF67D866D06+653702]
	(No symbol) [0x00007FF67D75A208]
	(No symbol) [0x00007FF67D7562C4]
	(No symbol) [0x00007FF67D7563F6]
	(No symbol) [0x00007FF67D7467A3]
	BaseThreadInitThunk [0x00007FFB73D626AD+29]
	RtlUserThreadStart [0x00007FFB7560AA68+40]
</msg>
</errors>
</robot>
